[debug] > Exec(early(addDefaultCommands), None, None)
[debug] > Exec(addDefaultCommands, None, None)
[debug] > Exec(early(initialize), None, None)
[debug] > Exec(initialize, None, None)
[debug] > Exec(early(addPluginSbtFile="""C:\Users\MAYCOL\AppData\Local\Temp\idea.sbt"""), None, None)
[debug] > Exec(addPluginSbtFile="""C:\Users\MAYCOL\AppData\Local\Temp\idea.sbt""", None, None)
[debug] > Exec(boot, None, None)
[debug] > Exec(writeSbtVersion, None, None)
[debug] > Exec(reload, None, None)
[debug] > Exec(sbtStashOnFailure, None, None)
[debug] > Exec(onFailure loadFailed, None, None)
[debug] > Exec(loadp, None, None)
[info] welcome to sbt 1.11.0 (Amazon.com Inc. Java 17.0.12)
[debug] Load.defaultLoad until apply took 183.8817ms
[debug]           Load.loadUnit: plugins took 80.7629ms
[debug]           Load.loadUnit: defsScala took 0.2534ms
[debug] [Loading] Scanning directory C:\Users\MAYCOL\Documents\Universidad\Cuarto Semestre\Programacion-F&C\ProyectoFinal\project
[debug]             Load.loadUnit: mkEval took 10.6254ms
[debug] [Loading] Found non-root projects 
[debug] [Loading] Done in C:\Users\MAYCOL\Documents\Universidad\Cuarto Semestre\Programacion-F&C\ProyectoFinal\project, returning: ()
[debug] deducing auto plugins based on known facts Set(Atom(sbt.plugins.CorePlugin)) and clauses Clauses(Clause(Atom(sbt.plugins.JvmPlugin),Set(Atom(sbt.plugins.IvyPlugin)))
[debug] Clause(Atom(sbt.ScriptedPlugin),Set(Atom(sbt.plugins.JvmPlugin)))
[debug] Clause(Atom(sbt.plugins.SbtPlugin),Set(Atom(sbt.ScriptedPlugin)))
[debug] Clause(Atom(sbt.plugins.SemanticdbPlugin),Set(Atom(sbt.plugins.JvmPlugin)))
[debug] Clause(Atom(sbt.plugins.JUnitXmlReportPlugin),Set(Atom(sbt.plugins.JvmPlugin)))
[debug] Clause(Atom(sbt.plugins.MiniDependencyTreePlugin),Set(Atom(sbt.plugins.JvmPlugin)))
[debug] Clause(Atom(sbt.plugins.CorePlugin),Set(Atom(sbt.plugins.IvyPlugin)))
[debug] Clause(Atom(sbt.plugins.IvyPlugin),Set(Atom(sbt.plugins.JvmPlugin)))
[debug] Clause(Atom(sbt.plugins.JvmPlugin),Set(Atom(sbt.plugins.SemanticdbPlugin)))
[debug] Clause(Atom(sbt.plugins.JvmPlugin),Set(Atom(sbt.plugins.JUnitXmlReportPlugin)))
[debug] Clause(Atom(sbt.plugins.CorePlugin),Set(Atom(sbt.plugins.Giter8TemplatePlugin)))
[debug] Clause(Atom(sbt.plugins.JvmPlugin),Set(Atom(sbt.plugins.MiniDependencyTreePlugin))))
[debug]   :: deduced result: Matched(sbt.plugins.CorePlugin,sbt.plugins.Giter8TemplatePlugin,sbt.plugins.IvyPlugin,sbt.plugins.JvmPlugin,sbt.plugins.MiniDependencyTreePlugin,sbt.plugins.JUnitXmlReportPlugin,sbt.plugins.SemanticdbPlugin)
[debug] Plugins.deducer#function took 19.6892 ms
[info] loading settings for project proyectofinal-build from idea.sbt...
[debug]               Load.resolveProject(proyectofinal-build) took 45.8892ms
[debug]             Load.loadTransitive: finalizeProject(Project(id proyectofinal-build, base: C:\Users\MAYCOL\Documents\Universidad\Cuarto Semestre\Programacion-F&C\ProyectoFinal\project, plugins: List(<none>))) took 73.6672ms
[debug] [Loading] Done in C:\Users\MAYCOL\Documents\Universidad\Cuarto Semestre\Programacion-F&C\ProyectoFinal\project, returning: (proyectofinal-build)
[debug]           Load.loadUnit: loadedProjectsRaw took 3061.2666ms
[debug]           Load.loadUnit: cleanEvalClasses took 9.4465ms
[debug]         Load.loadUnit(file:/C:/Users/MAYCOL/Documents/Universidad/Cuarto%20Semestre/Programacion-F&C/ProyectoFinal/project/, ...) took 3158.2481ms
[debug]       Load.apply: load took 3320.3984ms
[debug]       Load.apply: resolveProjects took 4.7513ms
[debug]       Load.apply: finalTransforms took 67.3384ms
[debug]       Load.apply: config.delegates took 10.1384ms
[debug]       Load.apply: Def.make(settings)... took 563.2341ms
[debug]       Load.apply: structureIndex took 177.1322ms
[debug]       Load.apply: mkStreams took 6.2718ms
[info] loading project definition from C:\Users\MAYCOL\Documents\Universidad\Cuarto Semestre\Programacion-F&C\ProyectoFinal\project
[debug] Running task... Cancel: Signal, check cycles: false, forcegc: true
[debug]     Load.loadUnit: plugins took 6367.8475ms
[debug]     Load.loadUnit: defsScala took 0.0045ms
[debug] [Loading] Scanning directory C:\Users\MAYCOL\Documents\Universidad\Cuarto Semestre\Programacion-F&C\ProyectoFinal
[debug]       Load.loadUnit: mkEval took 0.4549ms
[debug] [Loading] Found root project root w/ remaining 
[debug] deducing auto plugins based on known facts Set(Atom(sbt.plugins.CorePlugin)) and clauses Clauses(Clause(Atom(sbt.plugins.JvmPlugin),Set(Atom(sbt.plugins.IvyPlugin)))
[debug] Clause(Atom(sbt.ScriptedPlugin),Set(Atom(sbt.plugins.JvmPlugin)))
[debug] Clause(Atom(sbt.plugins.SbtPlugin),Set(Atom(sbt.ScriptedPlugin)))
[debug] Clause(Atom(sbt.plugins.SemanticdbPlugin),Set(Atom(sbt.plugins.JvmPlugin)))
[debug] Clause(Atom(sbt.plugins.JUnitXmlReportPlugin),Set(Atom(sbt.plugins.JvmPlugin)))
[debug] Clause(Atom(sbt.plugins.MiniDependencyTreePlugin),Set(Atom(sbt.plugins.JvmPlugin)))
[debug] Clause(Atom(org.jetbrains.sbt.StructurePlugin),Set(Atom(sbt.plugins.JvmPlugin)))
[debug] Clause(Atom(org.jetbrains.sbt.IdeaShellPlugin),Set(Atom(sbt.plugins.JvmPlugin)))
[debug] Clause(Atom(sbt.plugins.CorePlugin),Set(Atom(sbt.plugins.IvyPlugin)))
[debug] Clause(Atom(sbt.plugins.IvyPlugin),Set(Atom(sbt.plugins.JvmPlugin)))
[debug] Clause(Atom(sbt.plugins.JvmPlugin),Set(Atom(sbt.plugins.SemanticdbPlugin)))
[debug] Clause(Atom(sbt.plugins.JvmPlugin),Set(Atom(sbt.plugins.JUnitXmlReportPlugin)))
[debug] Clause(Atom(sbt.plugins.CorePlugin),Set(Atom(sbt.plugins.Giter8TemplatePlugin)))
[debug] Clause(Atom(sbt.plugins.JvmPlugin),Set(Atom(sbt.plugins.MiniDependencyTreePlugin)))
[debug] Clause(Atom(sbt.plugins.JvmPlugin),Set(Atom(org.jetbrains.sbt.StructurePlugin)))
[debug] Clause(Atom(sbt.plugins.JvmPlugin),Set(Atom(org.jetbrains.sbt.IdeaShellPlugin))))
[debug]   :: deduced result: Matched(sbt.plugins.CorePlugin,sbt.plugins.Giter8TemplatePlugin,sbt.plugins.IvyPlugin,sbt.plugins.JvmPlugin,sbt.plugins.SemanticdbPlugin,sbt.plugins.JUnitXmlReportPlugin,org.jetbrains.sbt.IdeaShellPlugin,org.jetbrains.sbt.StructurePlugin,sbt.plugins.MiniDependencyTreePlugin)
[debug] Plugins.deducer#function took 2.6138 ms
[info] loading settings for project root from build.sbt...
[debug]         Load.resolveProject(root) took 31.7534ms
[debug]       Load.loadTransitive: finalizeProject(Project(id root, base: C:\Users\MAYCOL\Documents\Universidad\Cuarto Semestre\Programacion-F&C\ProyectoFinal, plugins: List(<none>))) took 35.756ms
[debug] [Loading] Done in C:\Users\MAYCOL\Documents\Universidad\Cuarto Semestre\Programacion-F&C\ProyectoFinal, returning: (root)
[debug]     Load.loadUnit: loadedProjectsRaw took 2075.8522ms
[debug]     Load.loadUnit: cleanEvalClasses took 36.9617ms
[debug]   Load.loadUnit(file:/C:/Users/MAYCOL/Documents/Universidad/Cuarto%20Semestre/Programacion-F&C/ProyectoFinal/, ...) took 8483.0791ms
[debug] Load.apply: load took 8500.8075ms
[debug] Load.apply: resolveProjects took 0.1968ms
[debug] Load.apply: finalTransforms took 27.0404ms
[debug] Load.apply: config.delegates took 0.3225ms
[debug] Load.apply: Def.make(settings)... took 67.8265ms
[debug] Load.apply: structureIndex took 23.2744ms
[debug] Load.apply: mkStreams took 0.0032ms
[info] set current project to ProyectoFinal (in build file:/C:/Users/MAYCOL/Documents/Universidad/Cuarto%20Semestre/Programacion-F&C/ProyectoFinal/)
[debug] > Exec(sbtPopOnFailure, None, None)
[debug] > Exec(resumeFromFailure, None, None)
[debug] > Exec(notifyUsersAboutShell, None, None)
[debug] > Exec(iflast shell, None, None)
[debug] > Exec(idea-shell, None, None)
